2012/05/23 10:36:24 [error] [exception.CHttpException.403] exception 'CHttpException' with message 'You are not allowed to access this page.' in /Applications/MAMP/htdocs/yii/framework/gii/GiiModule.php:165
Stack trace:
#0 /Applications/MAMP/htdocs/yii/framework/web/CController.php(264): GiiModule->beforeControllerAction(Object(DefaultController), Object(CInlineAction))
#1 /Applications/MAMP/htdocs/yii/framework/web/CWebApplication.php(276): CController->run('')
#2 /Applications/MAMP/htdocs/yii/framework/web/CWebApplication.php(135): CWebApplication->runController('gii')
#3 /Applications/MAMP/htdocs/yii/framework/base/CApplication.php(162): CWebApplication->processRequest()
#4 /Applications/MAMP/htdocs/sharetaxi/index.php(13): CApplication->run()
#5 {main}
REQUEST_URI=/sharetaxi/index.php?r=gii
---
2012/05/23 10:36:53 [error] [exception.CDbException] exception 'CDbException' with message 'CDbConnection failed to open the DB connection: SQLSTATE[28000] [1045] Access denied for user 'root'@'localhost' (using password: NO)' in /Applications/MAMP/htdocs/yii/framework/db/CDbConnection.php:382
Stack trace:
#0 /Applications/MAMP/htdocs/yii/framework/db/CDbConnection.php(331): CDbConnection->open()
#1 /Applications/MAMP/htdocs/yii/framework/db/CDbConnection.php(309): CDbConnection->setActive(true)
#2 /Applications/MAMP/htdocs/yii/framework/base/CModule.php(388): CDbConnection->init()
#3 /Applications/MAMP/htdocs/yii/framework/base/CModule.php(104): CModule->getComponent('db')
#4 /Applications/MAMP/htdocs/yii/framework/gii/generators/model/ModelCode.php(54): CModule->__get('db')
#5 /Applications/MAMP/htdocs/yii/framework/web/CFormModel.php(40): ModelCode->init()
#6 /Applications/MAMP/htdocs/yii/framework/gii/CCodeGenerator.php(152): CFormModel->__construct()
#7 /Applications/MAMP/htdocs/yii/framework/gii/CCodeGenerator.php(64): CCodeGenerator->prepare()
#8 /Applications/MAMP/htdocs/yii/framework/web/actions/CInlineAction.php(50): CCodeGenerator->actionIndex()
#9 /Applications/MAMP/htdocs/yii/framework/web/CController.php(309): CInlineAction->runWithParams(Array)
#10 /Applications/MAMP/htdocs/yii/framework/web/CController.php(287): CController->runAction(Object(CInlineAction))
#11 /Applications/MAMP/htdocs/yii/framework/web/CController.php(266): CController->runActionWithFilters(Object(CInlineAction), Array)
#12 /Applications/MAMP/htdocs/yii/framework/web/CWebApplication.php(276): CController->run('')
#13 /Applications/MAMP/htdocs/yii/framework/web/CWebApplication.php(135): CWebApplication->runController('gii/model')
#14 /Applications/MAMP/htdocs/yii/framework/base/CApplication.php(162): CWebApplication->processRequest()
#15 /Applications/MAMP/htdocs/sharetaxi/index.php(13): CApplication->run()
#16 {main}
REQUEST_URI=/sharetaxi/index.php?r=gii/model
HTTP_REFERER=http://localhost:8888/sharetaxi/index.php?r=gii/default/index
---
2012/05/23 11:00:06 [error] [exception.CHttpException.404] exception 'CHttpException' with message 'Unable to resolve the request "register".' in /Applications/MAMP/htdocs/yii/framework/web/CWebApplication.php:280
Stack trace:
#0 /Applications/MAMP/htdocs/yii/framework/web/CWebApplication.php(135): CWebApplication->runController('register')
#1 /Applications/MAMP/htdocs/yii/framework/base/CApplication.php(162): CWebApplication->processRequest()
#2 /Applications/MAMP/htdocs/sharetaxi/index.php(13): CApplication->run()
#3 {main}
REQUEST_URI=/sharetaxi/index.php?r=register
---
2012/05/23 11:00:17 [error] [php] Undefined variable: command (/Applications/MAMP/htdocs/sharetaxi/protected/controllers/APIController.php:16)
Stack trace:
#0 /Applications/MAMP/htdocs/yii/framework/web/CController.php(287): APIController->runAction()
#1 /Applications/MAMP/htdocs/yii/framework/web/CController.php(266): APIController->runActionWithFilters()
#2 /Applications/MAMP/htdocs/yii/framework/web/CWebApplication.php(276): APIController->run()
#3 /Applications/MAMP/htdocs/yii/framework/web/CWebApplication.php(135): CWebApplication->runController()
#4 /Applications/MAMP/htdocs/yii/framework/base/CApplication.php(162): CWebApplication->processRequest()
#5 /Applications/MAMP/htdocs/sharetaxi/index.php(13): CWebApplication->run()
REQUEST_URI=/sharetaxi/index.php?r=API/register
in /Applications/MAMP/htdocs/sharetaxi/protected/controllers/APIController.php (16)
in /Applications/MAMP/htdocs/sharetaxi/index.php (13)
2012/05/23 11:09:48 [error] [system.db.CDbCommand] CDbCommand::execute() failed: SQLSTATE[23000]: Integrity constraint violation: 1062 Duplicate entry 'test' for key 'PRIMARY'. The SQL statement executed was: INSERT INTO `USER` (`uid`, `ph`) VALUES (:uid, :ph).
in /Applications/MAMP/htdocs/sharetaxi/protected/controllers/APIController.php (21)
in /Applications/MAMP/htdocs/sharetaxi/index.php (13)
2012/05/23 11:09:48 [error] [exception.CDbException] exception 'CDbException' with message 'CDbCommand failed to execute the SQL statement: SQLSTATE[23000]: Integrity constraint violation: 1062 Duplicate entry 'test' for key 'PRIMARY'. The SQL statement executed was: INSERT INTO `USER` (`uid`, `ph`) VALUES (:uid, :ph)' in /Applications/MAMP/htdocs/yii/framework/db/CDbCommand.php:354
Stack trace:
#0 /Applications/MAMP/htdocs/yii/framework/db/CDbCommand.php(1178): CDbCommand->execute(Array)
#1 /Applications/MAMP/htdocs/sharetaxi/protected/controllers/APIController.php(21): CDbCommand->insert('USER', Array)
#2 /Applications/MAMP/htdocs/yii/framework/web/actions/CInlineAction.php(50): APIController->actionAdduser()
#3 /Applications/MAMP/htdocs/yii/framework/web/CController.php(309): CInlineAction->runWithParams(Array)
#4 /Applications/MAMP/htdocs/yii/framework/web/CController.php(287): CController->runAction(Object(CInlineAction))
#5 /Applications/MAMP/htdocs/yii/framework/web/CController.php(266): CController->runActionWithFilters(Object(CInlineAction), Array)
#6 /Applications/MAMP/htdocs/yii/framework/web/CWebApplication.php(276): CController->run('adduser')
#7 /Applications/MAMP/htdocs/yii/framework/web/CWebApplication.php(135): CWebApplication->runController('API/adduser')
#8 /Applications/MAMP/htdocs/yii/framework/base/CApplication.php(162): CWebApplication->processRequest()
#9 /Applications/MAMP/htdocs/sharetaxi/index.php(13): CApplication->run()
#10 {main}
REQUEST_URI=/sharetaxi/index.php?r=API/adduser
---
2012/05/23 11:11:37 [error] [system.db.CDbCommand] CDbCommand::execute() failed: SQLSTATE[23000]: Integrity constraint violation: 1062 Duplicate entry 'test' for key 'PRIMARY'. The SQL statement executed was: INSERT INTO `USER` (`uid`, `ph`) VALUES (:uid, :ph).
in /Applications/MAMP/htdocs/sharetaxi/protected/controllers/APIController.php (18)
in /Applications/MAMP/htdocs/sharetaxi/index.php (13)
2012/05/23 11:11:37 [error] [exception.CDbException] exception 'CDbException' with message 'CDbCommand failed to execute the SQL statement: SQLSTATE[23000]: Integrity constraint violation: 1062 Duplicate entry 'test' for key 'PRIMARY'. The SQL statement executed was: INSERT INTO `USER` (`uid`, `ph`) VALUES (:uid, :ph)' in /Applications/MAMP/htdocs/yii/framework/db/CDbCommand.php:354
Stack trace:
#0 /Applications/MAMP/htdocs/yii/framework/db/CDbCommand.php(1178): CDbCommand->execute(Array)
#1 /Applications/MAMP/htdocs/sharetaxi/protected/controllers/APIController.php(18): CDbCommand->insert('USER', Array)
#2 /Applications/MAMP/htdocs/yii/framework/web/actions/CInlineAction.php(50): APIController->actionAdduser()
#3 /Applications/MAMP/htdocs/yii/framework/web/CController.php(309): CInlineAction->runWithParams(Array)
#4 /Applications/MAMP/htdocs/yii/framework/web/CController.php(287): CController->runAction(Object(CInlineAction))
#5 /Applications/MAMP/htdocs/yii/framework/web/CController.php(266): CController->runActionWithFilters(Object(CInlineAction), Array)
#6 /Applications/MAMP/htdocs/yii/framework/web/CWebApplication.php(276): CController->run('adduser')
#7 /Applications/MAMP/htdocs/yii/framework/web/CWebApplication.php(135): CWebApplication->runController('API/adduser')
#8 /Applications/MAMP/htdocs/yii/framework/base/CApplication.php(162): CWebApplication->processRequest()
#9 /Applications/MAMP/htdocs/sharetaxi/index.php(13): CApplication->run()
#10 {main}
REQUEST_URI=/sharetaxi/index.php?r=API/adduser
---
2012/05/23 11:12:47 [error] [system.db.CDbCommand] CDbCommand::execute() failed: SQLSTATE[23000]: Integrity constraint violation: 1062 Duplicate entry 'test123' for key 'PRIMARY'. The SQL statement executed was: INSERT INTO `USER` (`uid`, `ph`) VALUES (:uid, :ph).
in /Applications/MAMP/htdocs/sharetaxi/protected/controllers/APIController.php (18)
in /Applications/MAMP/htdocs/sharetaxi/index.php (13)
2012/05/23 11:12:47 [error] [exception.CDbException] exception 'CDbException' with message 'CDbCommand failed to execute the SQL statement: SQLSTATE[23000]: Integrity constraint violation: 1062 Duplicate entry 'test123' for key 'PRIMARY'. The SQL statement executed was: INSERT INTO `USER` (`uid`, `ph`) VALUES (:uid, :ph)' in /Applications/MAMP/htdocs/yii/framework/db/CDbCommand.php:354
Stack trace:
#0 /Applications/MAMP/htdocs/yii/framework/db/CDbCommand.php(1178): CDbCommand->execute(Array)
#1 /Applications/MAMP/htdocs/sharetaxi/protected/controllers/APIController.php(18): CDbCommand->insert('USER', Array)
#2 /Applications/MAMP/htdocs/yii/framework/web/actions/CInlineAction.php(50): APIController->actionAdduser()
#3 /Applications/MAMP/htdocs/yii/framework/web/CController.php(309): CInlineAction->runWithParams(Array)
#4 /Applications/MAMP/htdocs/yii/framework/web/CController.php(287): CController->runAction(Object(CInlineAction))
#5 /Applications/MAMP/htdocs/yii/framework/web/CController.php(266): CController->runActionWithFilters(Object(CInlineAction), Array)
#6 /Applications/MAMP/htdocs/yii/framework/web/CWebApplication.php(276): CController->run('adduser')
#7 /Applications/MAMP/htdocs/yii/framework/web/CWebApplication.php(135): CWebApplication->runController('API/adduser')
#8 /Applications/MAMP/htdocs/yii/framework/base/CApplication.php(162): CWebApplication->processRequest()
#9 /Applications/MAMP/htdocs/sharetaxi/index.php(13): CApplication->run()
#10 {main}
REQUEST_URI=/sharetaxi/index.php?r=API/adduser
---
2012/05/23 11:22:01 [error] [system.db.CDbCommand] CDbCommand::execute() failed: SQLSTATE[23000]: Integrity constraint violation: 1062 Duplicate entry 'test123' for key 'PRIMARY'. The SQL statement executed was: INSERT INTO `USER` (`uid`, `ph`) VALUES (:uid, :ph).
in /Applications/MAMP/htdocs/sharetaxi/protected/controllers/APIController.php (18)
in /Applications/MAMP/htdocs/sharetaxi/index.php (13)
2012/05/23 11:22:01 [error] [exception.CDbException] exception 'CDbException' with message 'CDbCommand failed to execute the SQL statement: SQLSTATE[23000]: Integrity constraint violation: 1062 Duplicate entry 'test123' for key 'PRIMARY'. The SQL statement executed was: INSERT INTO `USER` (`uid`, `ph`) VALUES (:uid, :ph)' in /Applications/MAMP/htdocs/yii/framework/db/CDbCommand.php:354
Stack trace:
#0 /Applications/MAMP/htdocs/yii/framework/db/CDbCommand.php(1178): CDbCommand->execute(Array)
#1 /Applications/MAMP/htdocs/sharetaxi/protected/controllers/APIController.php(18): CDbCommand->insert('USER', Array)
#2 /Applications/MAMP/htdocs/yii/framework/web/actions/CInlineAction.php(50): APIController->actionAdduser()
#3 /Applications/MAMP/htdocs/yii/framework/web/CController.php(309): CInlineAction->runWithParams(Array)
#4 /Applications/MAMP/htdocs/yii/framework/web/CController.php(287): CController->runAction(Object(CInlineAction))
#5 /Applications/MAMP/htdocs/yii/framework/web/CController.php(266): CController->runActionWithFilters(Object(CInlineAction), Array)
#6 /Applications/MAMP/htdocs/yii/framework/web/CWebApplication.php(276): CController->run('adduser')
#7 /Applications/MAMP/htdocs/yii/framework/web/CWebApplication.php(135): CWebApplication->runController('API/adduser')
#8 /Applications/MAMP/htdocs/yii/framework/base/CApplication.php(162): CWebApplication->processRequest()
#9 /Applications/MAMP/htdocs/sharetaxi/index.php(13): CApplication->run()
#10 {main}
REQUEST_URI=/sharetaxi/index.php?r=API/adduser
---
2012/05/23 11:28:01 [error] [system.db.CDbCommand] CDbCommand::execute() failed: SQLSTATE[23000]: Integrity constraint violation: 1062 Duplicate entry 'test123' for key 'PRIMARY'. The SQL statement executed was: INSERT INTO `USER` (`uid`, `ph`) VALUES (:uid, :ph).
in /Applications/MAMP/htdocs/sharetaxi/protected/controllers/APIController.php (20)
in /Applications/MAMP/htdocs/sharetaxi/index.php (13)
2012/05/23 15:55:48 [error] [php] Undefined index: ph (/Applications/MAMP/htdocs/sharetaxi/protected/controllers/APIController.php:106)
Stack trace:
#0 /Applications/MAMP/htdocs/yii/framework/web/CController.php(287): APIController->runAction()
#1 /Applications/MAMP/htdocs/yii/framework/web/CController.php(266): APIController->runActionWithFilters()
#2 /Applications/MAMP/htdocs/yii/framework/web/CWebApplication.php(276): APIController->run()
#3 /Applications/MAMP/htdocs/yii/framework/web/CWebApplication.php(135): CWebApplication->runController()
#4 /Applications/MAMP/htdocs/yii/framework/base/CApplication.php(162): CWebApplication->processRequest()
#5 /Applications/MAMP/htdocs/sharetaxi/index.php(13): CWebApplication->run()
REQUEST_URI=/sharetaxi/index.php?r=API/getuserbyuid
in /Applications/MAMP/htdocs/sharetaxi/protected/controllers/APIController.php (106)
in /Applications/MAMP/htdocs/sharetaxi/index.php (13)
2012/05/23 16:00:31 [error] [system.db.CDbCommand] CDbCommand::fetchAll() failed: SQLSTATE[42S22]: Column not found: 1054 Unknown column '$uid' in 'where clause'. The SQL statement executed was: SELECT `ph`
FROM `USER`
WHERE uid=$uid.
in /Applications/MAMP/htdocs/sharetaxi/protected/controllers/APIController.php (105)
in /Applications/MAMP/htdocs/sharetaxi/index.php (13)
2012/05/23 16:01:03 [error] [system.db.CDbCommand] CDbCommand::fetchAll() failed: SQLSTATE[42S22]: Column not found: 1054 Unknown column '$uid' in 'where clause'. The SQL statement executed was: SELECT `ph`
FROM `USER`
WHERE uid=$uid.
in /Applications/MAMP/htdocs/sharetaxi/protected/controllers/APIController.php (105)
in /Applications/MAMP/htdocs/sharetaxi/index.php (13)
2012/05/23 16:01:24 [error] [system.db.CDbCommand] CDbCommand::fetchAll() failed: SQLSTATE[42S22]: Column not found: 1054 Unknown column 'test123' in 'where clause'. The SQL statement executed was: SELECT `ph`
FROM `USER`
WHERE uid=test123.
in /Applications/MAMP/htdocs/sharetaxi/protected/controllers/APIController.php (105)
in /Applications/MAMP/htdocs/sharetaxi/index.php (13)
2012/05/23 16:01:26 [error] [system.db.CDbCommand] CDbCommand::fetchAll() failed: SQLSTATE[42S22]: Column not found: 1054 Unknown column 'test123' in 'where clause'. The SQL statement executed was: SELECT `ph`
FROM `USER`
WHERE uid=test123.
in /Applications/MAMP/htdocs/sharetaxi/protected/controllers/APIController.php (105)
in /Applications/MAMP/htdocs/sharetaxi/index.php (13)
2012/05/23 16:01:39 [error] [system.db.CDbCommand] CDbCommand::fetchAll() failed: SQLSTATE[42S22]: Column not found: 1054 Unknown column 'test123' in 'where clause'. The SQL statement executed was: SELECT `ph`
FROM `USER`
WHERE uid=test123.
in /Applications/MAMP/htdocs/sharetaxi/protected/controllers/APIController.php (105)
in /Applications/MAMP/htdocs/sharetaxi/index.php (13)
2012/05/23 16:01:41 [error] [system.db.CDbCommand] CDbCommand::fetchAll() failed: SQLSTATE[42S22]: Column not found: 1054 Unknown column 'test123' in 'where clause'. The SQL statement executed was: SELECT `ph`
FROM `USER`
WHERE uid=test123.
in /Applications/MAMP/htdocs/sharetaxi/protected/controllers/APIController.php (105)
in /Applications/MAMP/htdocs/sharetaxi/index.php (13)
2012/05/23 22:29:15 [error] [exception.CHttpException.404] exception 'CHttpException' with message 'The system is unable to find the requested action "adduserbyuid".' in /Applications/MAMP/htdocs/yii/framework/web/CController.php:484
Stack trace:
#0 /Applications/MAMP/htdocs/yii/framework/web/CController.php(271): CController->missingAction('adduserbyuid')
#1 /Applications/MAMP/htdocs/yii/framework/web/CWebApplication.php(276): CController->run('adduserbyuid')
#2 /Applications/MAMP/htdocs/yii/framework/web/CWebApplication.php(135): CWebApplication->runController('API/adduserbyui...')
#3 /Applications/MAMP/htdocs/yii/framework/base/CApplication.php(162): CWebApplication->processRequest()
#4 /Applications/MAMP/htdocs/sharetaxi/index.php(13): CApplication->run()
#5 {main}
REQUEST_URI=/sharetaxi/index.php?r=API/adduserbyuid
---
2012/05/23 22:30:37 [error] [php] Undefined offset: 0 (/Applications/MAMP/htdocs/sharetaxi/protected/controllers/APIController.php:106)
Stack trace:
#0 /Applications/MAMP/htdocs/yii/framework/web/CController.php(287): APIController->runAction()
#1 /Applications/MAMP/htdocs/yii/framework/web/CController.php(266): APIController->runActionWithFilters()
#2 /Applications/MAMP/htdocs/yii/framework/web/CWebApplication.php(276): APIController->run()
#3 /Applications/MAMP/htdocs/yii/framework/web/CWebApplication.php(135): CWebApplication->runController()
#4 /Applications/MAMP/htdocs/yii/framework/base/CApplication.php(162): CWebApplication->processRequest()
#5 /Applications/MAMP/htdocs/sharetaxi/index.php(13): CWebApplication->run()
REQUEST_URI=/sharetaxi/index.php?r=API/getuserbyuid
in /Applications/MAMP/htdocs/sharetaxi/protected/controllers/APIController.php (106)
in /Applications/MAMP/htdocs/sharetaxi/index.php (13)
2012/05/23 22:31:31 [error] [php] Undefined offset: 0 (/Applications/MAMP/htdocs/sharetaxi/protected/controllers/APIController.php:106)
Stack trace:
#0 /Applications/MAMP/htdocs/yii/framework/web/CController.php(287): APIController->runAction()
#1 /Applications/MAMP/htdocs/yii/framework/web/CController.php(266): APIController->runActionWithFilters()
#2 /Applications/MAMP/htdocs/yii/framework/web/CWebApplication.php(276): APIController->run()
#3 /Applications/MAMP/htdocs/yii/framework/web/CWebApplication.php(135): CWebApplication->runController()
#4 /Applications/MAMP/htdocs/yii/framework/base/CApplication.php(162): CWebApplication->processRequest()
#5 /Applications/MAMP/htdocs/sharetaxi/index.php(13): CWebApplication->run()
REQUEST_URI=/sharetaxi/index.php?r=API/getuserbyuid
in /Applications/MAMP/htdocs/sharetaxi/protected/controllers/APIController.php (106)
in /Applications/MAMP/htdocs/sharetaxi/index.php (13)
2012/05/23 22:34:48 [error] [php] Undefined offset: 0 (/Applications/MAMP/htdocs/sharetaxi/protected/controllers/APIController.php:106)
Stack trace:
#0 /Applications/MAMP/htdocs/yii/framework/web/CController.php(287): APIController->runAction()
#1 /Applications/MAMP/htdocs/yii/framework/web/CController.php(266): APIController->runActionWithFilters()
#2 /Applications/MAMP/htdocs/yii/framework/web/CWebApplication.php(276): APIController->run()
#3 /Applications/MAMP/htdocs/yii/framework/web/CWebApplication.php(135): CWebApplication->runController()
#4 /Applications/MAMP/htdocs/yii/framework/base/CApplication.php(162): CWebApplication->processRequest()
#5 /Applications/MAMP/htdocs/sharetaxi/index.php(13): CWebApplication->run()
REQUEST_URI=/sharetaxi/index.php?r=API/getuserbyuid
in /Applications/MAMP/htdocs/sharetaxi/protected/controllers/APIController.php (106)
in /Applications/MAMP/htdocs/sharetaxi/index.php (13)
2012/05/23 22:39:09 [error] [exception.CHttpException.404] exception 'CHttpException' with message 'The system is unable to find the requested action "getroutebyuser".' in /Applications/MAMP/htdocs/yii/framework/web/CController.php:484
Stack trace:
#0 /Applications/MAMP/htdocs/yii/framework/web/CController.php(271): CController->missingAction('getroutebyuser')
#1 /Applications/MAMP/htdocs/yii/framework/web/CWebApplication.php(276): CController->run('getroutebyuser')
#2 /Applications/MAMP/htdocs/yii/framework/web/CWebApplication.php(135): CWebApplication->runController('API/getroutebyu...')
#3 /Applications/MAMP/htdocs/yii/framework/base/CApplication.php(162): CWebApplication->processRequest()
#4 /Applications/MAMP/htdocs/sharetaxi/index.php(13): CApplication->run()
#5 {main}
REQUEST_URI=/sharetaxi/index.php?r=API/getroutebyuser
---
2012/05/23 22:49:02 [error] [system.db.CDbCommand] CDbCommand::execute() failed: SQLSTATE[23000]: Integrity constraint violation: 1062 Duplicate entry '1' for key 'PRIMARY'. The SQL statement executed was: INSERT INTO `ROUTE` (`rid`, `uid`, `start`, `end`, `startlat`, `endlat`, `startlng`, `endlng`, `time`, `message`, `flexible`) VALUES (:rid, :uid, :start, :end, :startlat, :endlat, :startlng, :endlng, :time, :message, :flexible).
in /Applications/MAMP/htdocs/sharetaxi/protected/controllers/APIController.php (64)
in /Applications/MAMP/htdocs/sharetaxi/index.php (13)
2012/05/23 22:49:22 [error] [system.db.CDbCommand] CDbCommand::execute() failed: SQLSTATE[23000]: Integrity constraint violation: 1062 Duplicate entry '1' for key 'PRIMARY'. The SQL statement executed was: INSERT INTO `ROUTE` (`rid`, `uid`, `start`, `end`, `startlat`, `endlat`, `startlng`, `endlng`, `time`, `message`, `flexible`) VALUES (:rid, :uid, :start, :end, :startlat, :endlat, :startlng, :endlng, :time, :message, :flexible).
in /Applications/MAMP/htdocs/sharetaxi/protected/controllers/APIController.php (64)
in /Applications/MAMP/htdocs/sharetaxi/index.php (13)
2012/05/23 22:51:40 [error] [system.db.CDbCommand] CDbCommand::execute() failed: SQLSTATE[23000]: Integrity constraint violation: 1452 Cannot add or update a child row: a foreign key constraint fails (`taxishare`.`ROUTE`, CONSTRAINT `ROUTE_ibfk_1` FOREIGN KEY (`uid`) REFERENCES `USER` (`uid`)). The SQL statement executed was: INSERT INTO `ROUTE` (`rid`, `uid`, `start`, `end`, `startlat`, `endlat`, `startlng`, `endlng`, `time`, `message`, `flexible`) VALUES (:rid, :uid, :start, :end, :startlat, :endlat, :startlng, :endlng, :time, :message, :flexible).
in /Applications/MAMP/htdocs/sharetaxi/protected/controllers/APIController.php (64)
in /Applications/MAMP/htdocs/sharetaxi/index.php (13)
2012/05/23 22:51:53 [error] [system.db.CDbCommand] CDbCommand::execute() failed: SQLSTATE[23000]: Integrity constraint violation: 1452 Cannot add or update a child row: a foreign key constraint fails (`taxishare`.`ROUTE`, CONSTRAINT `ROUTE_ibfk_1` FOREIGN KEY (`uid`) REFERENCES `USER` (`uid`)). The SQL statement executed was: INSERT INTO `ROUTE` (`rid`, `uid`, `start`, `end`, `startlat`, `endlat`, `startlng`, `endlng`, `time`, `message`, `flexible`) VALUES (:rid, :uid, :start, :end, :startlat, :endlat, :startlng, :endlng, :time, :message, :flexible).
in /Applications/MAMP/htdocs/sharetaxi/protected/controllers/APIController.php (64)
in /Applications/MAMP/htdocs/sharetaxi/index.php (13)
2012/05/23 22:53:29 [error] [php] Undefined offset: 0 (/Applications/MAMP/htdocs/sharetaxi/protected/controllers/APIController.php:106)
Stack trace:
#0 /Applications/MAMP/htdocs/yii/framework/web/CController.php(287): APIController->runAction()
#1 /Applications/MAMP/htdocs/yii/framework/web/CController.php(266): APIController->runActionWithFilters()
#2 /Applications/MAMP/htdocs/yii/framework/web/CWebApplication.php(276): APIController->run()
#3 /Applications/MAMP/htdocs/yii/framework/web/CWebApplication.php(135): CWebApplication->runController()
#4 /Applications/MAMP/htdocs/yii/framework/base/CApplication.php(162): CWebApplication->processRequest()
#5 /Applications/MAMP/htdocs/sharetaxi/index.php(13): CWebApplication->run()
REQUEST_URI=/sharetaxi/index.php?r=API/getuserbyuid
in /Applications/MAMP/htdocs/sharetaxi/protected/controllers/APIController.php (106)
in /Applications/MAMP/htdocs/sharetaxi/index.php (13)
